<?xml version="1.0" encoding="UTF-8"?>
<!-- Generated by org.testng.reporters.JUnitReportReporter -->
<testsuite hostname="Admin-PC" failures="0" tests="2" name="Webdrive.Topic_12_Web_Elenment_DoubleClick_Button" time="17.299" errors="0" timestamp="22 May 2023 07:08:44 GMT" skipped="0">
  <testcase classname="Webdrive.Topic_12_Web_Elenment_DoubleClick_Button" name="TC_03_Form" time="0.007"/>
  <testcase classname="Webdrive.Topic_12_Web_Elenment_DoubleClick_Button" name="TC_02_RightClick" time="17.292"/>
</testsuite> <!-- Webdrive.Topic_12_Web_Elenment_DoubleClick_Button -->
