<?xml version="1.0" encoding="UTF-8"?>
<!-- Generated by org.testng.reporters.JUnitReportReporter -->
<testsuite hostname="Admin-PC" failures="0" tests="3" name="TEST.Topic_01_Check_Environment" time="3.149" errors="0" timestamp="30 Mar 2023 09:04:37 GMT" skipped="0">
  <testcase classname="TEST.Topic_01_Check_Environment" name="TC_03_Form" time="0.223"/>
  <testcase classname="TEST.Topic_01_Check_Environment" name="TC_02_Logo" time="2.537"/>
  <testcase classname="TEST.Topic_01_Check_Environment" name="TC_01_Url" time="0.389"/>
</testsuite> <!-- TEST.Topic_01_Check_Environment -->
