<?xml version="1.0" encoding="UTF-8"?>
<!-- Generated by org.testng.reporters.JUnitReportReporter -->
<testsuite hostname="Admin-PC" failures="0" tests="2" name="Webdrive.Topic_09_Web_Element_Customer_Dropdown" time="45.113" errors="0" timestamp="12 May 2023 07:34:56 GMT" skipped="0">
  <testcase classname="Webdrive.Topic_09_Web_Element_Customer_Dropdown" name="TC_03_VueJS" time="22.026"/>
  <testcase classname="Webdrive.Topic_09_Web_Element_Customer_Dropdown" name="TC_04_edittable" time="23.087"/>
</testsuite> <!-- Webdrive.Topic_09_Web_Element_Customer_Dropdown -->
