<?xml version="1.0" encoding="UTF-8"?>
<!-- Generated by org.testng.reporters.JUnitReportReporter -->
<testsuite hostname="Admin-PC" failures="0" tests="3" name="TEST.Topic_01_Check_Environment" time="2.012" errors="0" timestamp="06 Apr 2023 03:42:09 GMT" skipped="0">
  <testcase classname="TEST.Topic_01_Check_Environment" name="TC_03_Form" time="0.361"/>
  <testcase classname="TEST.Topic_01_Check_Environment" name="TC_02_Logo" time="1.634"/>
  <testcase classname="TEST.Topic_01_Check_Environment" name="TC_01_Url" time="0.017"/>
</testsuite> <!-- TEST.Topic_01_Check_Environment -->
