<?xml version="1.0" encoding="UTF-8"?>
<!-- Generated by org.testng.reporters.JUnitReportReporter -->
<testsuite hostname="Admin-PC" failures="0" tests="1" name="Webdrive.Topic_13_Web_Popup_IN_NOT_DOM" time="38.398" errors="0" timestamp="23 May 2023 08:32:20 GMT" skipped="0">
  <testcase classname="Webdrive.Topic_13_Web_Popup_IN_NOT_DOM" name="TC_03_Fixed_Popup2" time="38.398"/>
</testsuite> <!-- Webdrive.Topic_13_Web_Popup_IN_NOT_DOM -->
