<?xml version="1.0" encoding="UTF-8"?>
<!-- Generated by org.testng.reporters.JUnitReportReporter -->
<testsuite hostname="Admin-PC" failures="0" tests="2" name="Webdrive.Topic_04_Run_On_Browner" time="56.619" errors="0" timestamp="17 Apr 2023 09:27:36 GMT" skipped="0">
  <testcase classname="Webdrive.Topic_04_Run_On_Browner" name="TC_02_Logo" time="35.457"/>
  <testcase classname="Webdrive.Topic_04_Run_On_Browner" name="TC_01_Url" time="21.162"/>
</testsuite> <!-- Webdrive.Topic_04_Run_On_Browner -->
