<?xml version="1.0" encoding="UTF-8"?>
<!-- Generated by org.testng.reporters.JUnitReportReporter -->
<testsuite hostname="Admin-PC" failures="0" tests="3" name="Webdrive.Topic_07_Web_Element_text_textarea" time="150.512" errors="0" timestamp="08 May 2023 07:54:07 GMT" skipped="0">
  <testcase classname="Webdrive.Topic_07_Web_Element_text_textarea" name="TC_01_textbox_textare" time="150.508"/>
  <testcase classname="Webdrive.Topic_07_Web_Element_text_textarea" name="TC_02_Logo" time="0.002"/>
  <testcase classname="Webdrive.Topic_07_Web_Element_text_textarea" name="TC_03_Form" time="0.002"/>
</testsuite> <!-- Webdrive.Topic_07_Web_Element_text_textarea -->
