<?xml version="1.0" encoding="UTF-8"?>
<!-- Generated by org.testng.reporters.JUnitReportReporter -->
<testsuite hostname="Admin-PC" failures="0" tests="3" name="Webdrive.Topic_12_Web_Elenment_Click_Button" time="12.403" errors="0" timestamp="18 May 2023 02:48:09 GMT" skipped="0">
  <testcase classname="Webdrive.Topic_12_Web_Elenment_Click_Button" name="TC_03_Form" time="0.003"/>
  <testcase classname="Webdrive.Topic_12_Web_Elenment_Click_Button" name="TC_01_Click_and_Hold" time="11.678"/>
  <testcase classname="Webdrive.Topic_12_Web_Elenment_Click_Button" name="TC_02_Click_Number_Ramdom" time="0.722"/>
</testsuite> <!-- Webdrive.Topic_12_Web_Elenment_Click_Button -->
