<?xml version="1.0" encoding="UTF-8"?>
<!-- Generated by org.testng.reporters.JUnitReportReporter -->
<testsuite hostname="Admin-PC" failures="0" tests="2" name="Webdrive.Topic_13_Web_Popup" time="49.696" errors="0" timestamp="23 May 2023 01:32:01 GMT" skipped="0">
  <testcase classname="Webdrive.Topic_13_Web_Popup" name="TC_02_RightClick" time="49.694"/>
  <testcase classname="Webdrive.Topic_13_Web_Popup" name="TC_03_Form" time="0.002"/>
</testsuite> <!-- Webdrive.Topic_13_Web_Popup -->
