<?xml version="1.0" encoding="UTF-8"?>
<!-- Generated by org.testng.reporters.JUnitReportReporter -->
<testsuite hostname="Admin-PC" failures="0" tests="2" name="Webdrive.Topic_10_Web_Element_Button" time="58.231" errors="0" timestamp="15 May 2023 09:11:31 GMT" skipped="0">
  <testcase classname="Webdrive.Topic_10_Web_Element_Button" name="TC_04_edittable" time="0.003"/>
  <testcase classname="Webdrive.Topic_10_Web_Element_Button" name="TC_03_VueJS" time="58.228"/>
</testsuite> <!-- Webdrive.Topic_10_Web_Element_Button -->
