<?xml version="1.0" encoding="UTF-8"?>
<!-- Generated by org.testng.reporters.JUnitReportReporter -->
<testsuite hostname="Admin-PC" failures="0" tests="3" name="Webdrive.Topic_07_Web_Element_Customer_Dropdown" time="5.506" errors="0" timestamp="10 May 2023 08:13:39 GMT" skipped="0">
  <testcase classname="Webdrive.Topic_07_Web_Element_Customer_Dropdown" name="TC_03_Form" time="0.003"/>
  <testcase classname="Webdrive.Topic_07_Web_Element_Customer_Dropdown" name="TC_01_Jquery" time="5.501"/>
  <testcase classname="Webdrive.Topic_07_Web_Element_Customer_Dropdown" name="TC_02_Logo" time="0.002"/>
</testsuite> <!-- Webdrive.Topic_07_Web_Element_Customer_Dropdown -->
