<?xml version="1.0" encoding="UTF-8"?>
<!-- Generated by org.testng.reporters.JUnitReportReporter -->
<testsuite hostname="Admin-PC" failures="0" tests="3" name="Webdrive.Topic_11_Web_Element_CustomerCheckbox_Radio2" time="14.769" errors="0" timestamp="17 May 2023 02:58:34 GMT" skipped="0">
  <testcase classname="Webdrive.Topic_11_Web_Element_CustomerCheckbox_Radio2" name="TC_01_Url" time="14.767"/>
  <testcase classname="Webdrive.Topic_11_Web_Element_CustomerCheckbox_Radio2" name="TC_03_Form" time="0.001"/>
  <testcase classname="Webdrive.Topic_11_Web_Element_CustomerCheckbox_Radio2" name="TC_02_Logo" time="0.001"/>
</testsuite> <!-- Webdrive.Topic_11_Web_Element_CustomerCheckbox_Radio2 -->
