<?xml version="1.0" encoding="UTF-8"?>
<!-- Generated by org.testng.reporters.JUnitReportReporter -->
<testsuite hostname="Admin-PC" failures="0" tests="2" name="Webdrive.Topic_07_Web_Element_Dropdown" time="23.904" errors="0" timestamp="09 May 2023 04:37:03 GMT" skipped="0">
  <testcase classname="Webdrive.Topic_07_Web_Element_Dropdown" name="TC_01_defau_Dropdown" time="20.497"/>
  <testcase classname="Webdrive.Topic_07_Web_Element_Dropdown" name="TC_02_add_Adress" time="3.407"/>
</testsuite> <!-- Webdrive.Topic_07_Web_Element_Dropdown -->
