<?xml version="1.0" encoding="UTF-8"?>
<!-- Generated by org.testng.reporters.JUnitReportReporter -->
<testsuite hostname="Admin-PC" failures="0" tests="3" name="Webdrive.Topic_01_Check_Environment" time="0.279" errors="0" timestamp="31 Mar 2023 08:09:41 GMT" skipped="0">
  <testcase classname="Webdrive.Topic_01_Check_Environment" name="TC_01_Url" time="0.064"/>
  <testcase classname="Webdrive.Topic_01_Check_Environment" name="TC_03_Form" time="0.052"/>
  <testcase classname="Webdrive.Topic_01_Check_Environment" name="TC_02_Logo" time="0.163"/>
</testsuite> <!-- Webdrive.Topic_01_Check_Environment -->
