<?xml version="1.0" encoding="UTF-8"?>
<!-- Generated by org.testng.reporters.JUnitReportReporter -->
<testsuite hostname="Admin-PC" failures="0" tests="8" name="TEST.Topic_02_Selenium_Locate" time="4.814" errors="0" timestamp="10 Apr 2023 02:38:05 GMT" skipped="0">
  <testcase classname="TEST.Topic_02_Selenium_Locate" name="TC_02_class" time="1.138"/>
  <testcase classname="TEST.Topic_02_Selenium_Locate" name="TC_06_partialLinkText" time="0.747"/>
  <testcase classname="TEST.Topic_02_Selenium_Locate" name="TC_03_Name" time="0.255"/>
  <testcase classname="TEST.Topic_02_Selenium_Locate" name="TC_07_CSS" time="0.569"/>
  <testcase classname="TEST.Topic_02_Selenium_Locate" name="TC_05_Link" time="1.229"/>
  <testcase classname="TEST.Topic_02_Selenium_Locate" name="TC_08_Xpath" time="0.674"/>
  <testcase classname="TEST.Topic_02_Selenium_Locate" name="TC_01_ID" time="0.185"/>
  <testcase classname="TEST.Topic_02_Selenium_Locate" name="TC_04_TagName" time="0.017"/>
</testsuite> <!-- TEST.Topic_02_Selenium_Locate -->
