<?xml version="1.0" encoding="UTF-8"?>
<!-- Generated by org.testng.reporters.JUnitReportReporter -->
<testsuite hostname="Admin-PC" failures="0" tests="1" name="Webdrive.Topic_11_Web_Element_CustomerCheckbox_Radio" time="17.931" errors="0" timestamp="16 May 2023 09:18:44 GMT" skipped="0">
  <testcase classname="Webdrive.Topic_11_Web_Element_CustomerCheckbox_Radio" name="TC_03_Form" time="17.931"/>
</testsuite> <!-- Webdrive.Topic_11_Web_Element_CustomerCheckbox_Radio -->
