<?xml version="1.0" encoding="UTF-8"?>
<!-- Generated by org.testng.reporters.JUnitReportReporter -->
<testsuite hostname="Admin-PC" failures="0" tests="4" name="Webdrive.Topic_05_Web_Browser_Part2" time="58.058" errors="0" timestamp="20 Apr 2023 07:43:18 GMT" skipped="0">
  <testcase classname="Webdrive.Topic_05_Web_Browser_Part2" name="TC_01_Url" time="17.053"/>
  <testcase classname="Webdrive.Topic_05_Web_Browser_Part2" name="TC_02_Title" time="10.488"/>
  <testcase classname="Webdrive.Topic_05_Web_Browser_Part2" name="TC_04_getPageSource" time="9.406"/>
  <testcase classname="Webdrive.Topic_05_Web_Browser_Part2" name="TC_03_Navigate_Function" time="21.111"/>
</testsuite> <!-- Webdrive.Topic_05_Web_Browser_Part2 -->
