<?xml version="1.0" encoding="UTF-8"?>
<!-- Generated by org.testng.reporters.JUnitReportReporter -->
<testsuite hostname="Admin-PC" failures="0" tests="1" name="Webdrive.Topic_12_Web_Element_Action_1" time="37.394" errors="0" timestamp="17 May 2023 10:01:41 GMT" skipped="0">
  <testcase classname="Webdrive.Topic_12_Web_Element_Action_1" name="TC_03_Fahasa" time="37.394"/>
</testsuite> <!-- Webdrive.Topic_12_Web_Element_Action_1 -->
