<?xml version="1.0" encoding="UTF-8"?>
<!-- Generated by org.testng.reporters.JUnitReportReporter -->
<testsuite hostname="Admin-PC" failures="0" tests="6" name="Webdrive.Topic_02_Xpath_Part_1" time="19.435" errors="0" timestamp="12 Apr 2023 03:13:25 GMT" skipped="0">
  <testcase classname="Webdrive.Topic_02_Xpath_Part_1" name="TC_03_Incorrect_Email" time="2.138"/>
  <testcase classname="Webdrive.Topic_02_Xpath_Part_1" name="TC_05_Incorrect_Password" time="1.211"/>
  <testcase classname="Webdrive.Topic_02_Xpath_Part_1" name="TC_02_Invalid_Email" time="1.319"/>
  <testcase classname="Webdrive.Topic_02_Xpath_Part_1" name="TC_04_Invalid_Password" time="2.824"/>
  <testcase classname="Webdrive.Topic_02_Xpath_Part_1" name="TC_04_Invalid_Phonenumber" time="3.882"/>
  <testcase classname="Webdrive.Topic_02_Xpath_Part_1" name="TC_01_Emtydata" time="8.061"/>
</testsuite> <!-- Webdrive.Topic_02_Xpath_Part_1 -->
